<?xml version="1.0" encoding="UTF-8"?>
<!-- Generated by org.testng.reporters.JUnitXMLReporter -->
<testsuite ignored="0" hostname="LenovoFlex" failures="0" tests="6" name="Test" time="0.574" errors="0" timestamp="2023-03-06T15:15:35 IST">
  <testcase classname="com.tests.HomePageTest" name="@BeforeSuite setup" time="3.88">
    <failure type="org.openqa.selenium.WebDriverException" message="unknown error: net::ERR_INTERNET_DISCONNECTED
  (Session info: chrome=109.0.5414.129)
Build info: version: &amp;apos;3.141.59&amp;apos;, revision: &amp;apos;e82be7d358&amp;apos;, time: &amp;apos;2018-11-14T08:17:03&amp;apos;
System info: host: &amp;apos;LENOVOFLEX&amp;apos;, ip: &amp;apos;127.0.0.1&amp;apos;, os.name: &amp;apos;Windows 8&amp;apos;, os.arch: &amp;apos;amd64&amp;apos;, os.version: &amp;apos;6.2&amp;apos;, java.version: &amp;apos;18.0.1.1&amp;apos;
Driver info: org.openqa.selenium.chrome.ChromeDriver
Capabilities {acceptInsecureCerts: false, browserName: chrome, browserVersion: 109.0.5414.129, chrome: {chromedriverVersion: 109.0.5414.74 (e7c5703604da..., userDataDir: C:\Users\Shubham\AppData\Lo...}, goog:chromeOptions: {debuggerAddress: localhost:53615}, javascriptEnabled: true, networkConnectionEnabled: false, pageLoadStrategy: normal, platform: WINDOWS, platformName: WINDOWS, proxy: Proxy(), setWindowRect: true, strictFileInteractability: false, timeouts: {implicit: 0, pageLoad: 300000, script: 30000}, unhandledPromptBehavior: dismiss and notify, webauthn:extension:credBlob: true, webauthn:extension:largeBlob: true, webauthn:virtualAuthenticators: true}
Session ID: ab8780e04299a913ff60fb6415789b37">
      <![CDATA[org.openqa.selenium.WebDriverException: unknown error: net::ERR_INTERNET_DISCONNECTED
  (Session info: chrome=109.0.5414.129)
Build info: version: '3.141.59', revision: 'e82be7d358', time: '2018-11-14T08:17:03'
System info: host: 'LENOVOFLEX', ip: '127.0.0.1', os.name: 'Windows 8', os.arch: 'amd64', os.version: '6.2', java.version: '18.0.1.1'
Driver info: org.openqa.selenium.chrome.ChromeDriver
Capabilities {acceptInsecureCerts: false, browserName: chrome, browserVersion: 109.0.5414.129, chrome: {chromedriverVersion: 109.0.5414.74 (e7c5703604da..., userDataDir: C:\Users\Shubham\AppData\Lo...}, goog:chromeOptions: {debuggerAddress: localhost:53615}, javascriptEnabled: true, networkConnectionEnabled: false, pageLoadStrategy: normal, platform: WINDOWS, platformName: WINDOWS, proxy: Proxy(), setWindowRect: true, strictFileInteractability: false, timeouts: {implicit: 0, pageLoad: 300000, script: 30000}, unhandledPromptBehavior: dismiss and notify, webauthn:extension:credBlob: true, webauthn:extension:largeBlob: true, webauthn:virtualAuthenticators: true}
Session ID: ab8780e04299a913ff60fb6415789b37
at org.openqa.selenium.remote.http.W3CHttpResponseCodec.createException(W3CHttpResponseCodec.java:187)
at org.openqa.selenium.remote.http.W3CHttpResponseCodec.decode(W3CHttpResponseCodec.java:122)
at org.openqa.selenium.remote.http.W3CHttpResponseCodec.decode(W3CHttpResponseCodec.java:49)
at org.openqa.selenium.remote.HttpCommandExecutor.execute(HttpCommandExecutor.java:158)
at org.openqa.selenium.remote.service.DriverCommandExecutor.execute(DriverCommandExecutor.java:83)
at org.openqa.selenium.remote.RemoteWebDriver.execute(RemoteWebDriver.java:552)
at org.openqa.selenium.remote.RemoteWebDriver.get(RemoteWebDriver.java:277)
at com.base.BaseClass.initialization(BaseClass.java:37)
at com.tests.HomePageTest.setup(HomePageTest.java:16)
... Removed 20 stack frames]]>
    </failure>
  </testcase> <!-- @BeforeSuite setup -->
  <testcase classname="com.tests.LoginTest" name="@BeforeSuite setup" time="-1.678095934537E9">
    <skipped/>
  </testcase> <!-- @BeforeSuite setup -->
  <testcase classname="com.tests.DashboardPageTest" name="@BeforeMethod setup" time="-1.678095935087E9">
    <skipped/>
  </testcase> <!-- @BeforeMethod setup -->
  <testcase classname="com.tests.DashboardPageTest" name="@AfterMethod afterMethod" time="-1.678095935098E9">
    <skipped/>
  </testcase> <!-- @AfterMethod afterMethod -->
  <testcase classname="com.tests.LoginTest" name="@AfterMethod afterMethod" time="-1.678095935115E9">
    <skipped/>
  </testcase> <!-- @AfterMethod afterMethod -->
  <testcase classname="com.tests.LoginTest" name="@AfterMethod afterMethod" time="-1.678095935125E9">
    <skipped/>
  </testcase> <!-- @AfterMethod afterMethod -->
  <testcase classname="com.tests.LoginTest" name="@AfterMethod afterMethod" time="-1.678095935139E9">
    <skipped/>
  </testcase> <!-- @AfterMethod afterMethod -->
  <testcase classname="com.tests.HomePageTest" name="test01" time="0.0">
    <skipped/>
  </testcase> <!-- test01 -->
  <testcase classname="com.tests.HomePageTest" name="test02" time="0.0">
    <skipped/>
  </testcase> <!-- test02 -->
  <testcase classname="com.tests.DashboardPageTest" name="test01_checkHomepageTitle" time="0.0">
    <skipped/>
  </testcase> <!-- test01_checkHomepageTitle -->
  <testcase classname="com.tests.LoginTest" name="test01_selectValidCredentials" time="0.0">
    <skipped/>
  </testcase> <!-- test01_selectValidCredentials -->
  <testcase classname="com.tests.LoginTest" name="test02_enterInvalidCredentials" time="0.0">
    <skipped/>
  </testcase> <!-- test02_enterInvalidCredentials -->
  <testcase classname="com.tests.LoginTest" name="test03_checkErrorMsg" time="0.0">
    <skipped/>
  </testcase> <!-- test03_checkErrorMsg -->
</testsuite> <!-- Test -->
